<?xml version="1.0" encoding="UTF-8"?>
<!-- Generated by org.testng.reporters.JUnitXMLReporter -->
<testsuite hostname="Shwetha" ignored="0" name="Test" tests="4" failures="0" timestamp="31 Oct 2018 09:48:15 GMT" time="209.366" errors="0">
  <testcase name="SetPercentageListAsp" time="53.406" classname="HI_TestCases.ASP_SetPercentageAllotment"/>
  <testcase name="AddNewAsp" time="49.816" classname="HI_TestCases.Add_New_ASP"/>
  <testcase name="OrderNumberEvenRotationSection" time="52.495" classname="HI_TestCases.ASP_OrderNumberAnd_EvenRotation"/>
  <testcase name="ExclusiveAmbulanceSection" time="53.63" classname="HI_TestCases.Add_ASP_ExclusiveAmbSelection"/>
</testsuite> <!-- Test -->
