<?xml version="1.0" encoding="UTF-8"?>
<!-- Generated by org.testng.reporters.JUnitXMLReporter -->
<testsuite hostname="Shwetha" ignored="0" name="Test" tests="14" failures="0" timestamp="06 Sep 2018 06:22:36 GMT" time="243.484" errors="0">
  <testcase name="HiLogin" time="12.889" classname="Logins.HI_login"/>
  <testcase name="VerifyAspPage" time="11.067" classname="Logins.HI_login"/>
  <testcase name="AddExistingAsp" time="20.838" classname="Logins.HI_login"/>
  <testcase name="RemoveAsp" time="8.52" classname="Logins.HI_login"/>
  <testcase name="RemoveAspFromAspdetailPage" time="14.494" classname="Logins.HI_login"/>
  <testcase name="Pagination" time="4.193" classname="Logins.HI_login"/>
  <testcase name="VerifySelectionLogicPage" time="8.661" classname="Logins.HI_login"/>
  <testcase name="ExclusiveAmbulanceSection" time="11.431" classname="Logins.HI_login"/>
  <testcase name="CustomRotationSection" time="11.69" classname="Logins.HI_login"/>
  <testcase name="SetPercentageListAsp" time="9.311" classname="Logins.HI_login"/>
  <testcase name="OrderNumberEvenRotationSection" time="13.174" classname="Logins.HI_login"/>
  <testcase name="AvailableAppropriateASPSection" time="20.099" classname="Logins.HI_login"/>
  <testcase name="HIProfileAddBuildingButtonCheck" time="30.306" classname="Logins.HI_login"/>
  <testcase name="HiEditBuildingLocation" time="53.07" classname="Logins.HI_login"/>
</testsuite> <!-- Test -->
