<?xml version="1.0" encoding="UTF-8"?>
<testng-results skipped="0" failed="0" ignored="0" total="2" passed="2">
  <reporter-output>
    <line>
      <![CDATA[Title of the page:Acuity Link]]>
    </line>
    <line>
      <![CDATA[Login successful]]>
    </line>
    <line>
      <![CDATA[Button present is:Create a Service Request]]>
    </line>
    <line>
      <![CDATA[HI Validation successful]]>
    </line>
  </reporter-output>
  <suite name="Default suite" duration-ms="81604" started-at="2018-10-15T13:57:48Z" finished-at="2018-10-15T13:59:09Z">
    <groups>
    </groups>
    <test name="Default test" duration-ms="81604" started-at="2018-10-15T13:57:48Z" finished-at="2018-10-15T13:59:09Z">
      <class name="Logins.HI_login">
        <test-method status="PASS" signature="init2()[pri:0, instance:Logins.HI_login@7e2d773b]" name="init2" is-config="true" duration-ms="11801" started-at="2018-10-15T13:57:48Z" finished-at="2018-10-15T13:57:59Z">
          <reporter-output>
          </reporter-output>
        </test-method> <!-- init2 -->
        <test-method status="PASS" signature="HiLogin()[pri:1, instance:Logins.HI_login@7e2d773b]" name="HiLogin" duration-ms="9755" started-at="2018-10-15T13:57:59Z" finished-at="2018-10-15T13:58:09Z">
          <reporter-output>
            <line>
              <![CDATA[Title of the page:Acuity Link]]>
            </line>
            <line>
              <![CDATA[Login successful]]>
            </line>
            <line>
              <![CDATA[Button present is:Create a Service Request]]>
            </line>
            <line>
              <![CDATA[HI Validation successful]]>
            </line>
          </reporter-output>
        </test-method> <!-- HiLogin -->
        <test-method status="PASS" signature="HiFillPatientInformationWCTRoundcustompickdefaultdest()[pri:2, instance:Logins.HI_login@7e2d773b]" name="HiFillPatientInformationWCTRoundcustompickdefaultdest" duration-ms="60037" started-at="2018-10-15T13:58:09Z" finished-at="2018-10-15T13:59:09Z">
          <reporter-output>
          </reporter-output>
        </test-method> <!-- HiFillPatientInformationWCTRoundcustompickdefaultdest -->
      </class> <!-- Logins.HI_login -->
    </test> <!-- Default test -->
  </suite> <!-- Default suite -->
</testng-results>
